<?xml version="1.0" encoding="UTF-8"?>
<!-- Generated by org.testng.reporters.JUnitReportReporter -->
<testsuite hostname="emb-ban-606" failures="0" tests="1" name="scripts.Demo" time="11.944" errors="0" timestamp="2021-12-24T08:27:48 IST" skipped="0">
  <testcase classname="scripts.Demo" name="testA" time="11.944"/>
  <system-out>
    <![CDATA[XL Data:
Demo test]]>
  </system-out>
</testsuite> <!-- scripts.Demo -->
