<?xml version="1.0" encoding="UTF-8"?>
<!-- Generated by org.testng.reporters.JUnitReportReporter -->
<testsuite hostname="emb-ban-606" failures="0" tests="1" name="scripts.Demo" time="8.546" errors="0" timestamp="2021-12-23T07:57:14 IST" skipped="0">
  <testcase classname="scripts.Demo" name="testA" time="8.546"/>
  <system-out>
    <![CDATA[XL Data:admin
Demo test]]>
  </system-out>
</testsuite> <!-- scripts.Demo -->
