<?xml version="1.0" encoding="UTF-8"?>
<!-- Generated by org.testng.reporters.JUnitReportReporter -->
<testsuite hostname="emb-ban-606" failures="0" tests="1" name="scripts.InvalidLogin" time="14.688" errors="0" timestamp="2021-12-24T08:27:48 IST" skipped="0">
  <testcase classname="scripts.InvalidLogin" name="testInvalidLogin" time="14.688"/>
  <system-out/>
</testsuite> <!-- scripts.InvalidLogin -->
